2021-04-08 08:38:23,363 INFO org.springframework.boot.StartupInfoLogger [main] Starting GreenrouteApplication using Java 11.0.10 on DESKTOP-GOI1K1R with PID 5012 (C:\Users\Javier\Desktop\Proyectos IntelliJ\DAM\Spring\GreenRoute\target\classes started by Javier in C:\Users\Javier\Desktop\Proyectos IntelliJ\DAM\Spring\GreenRoute)
2021-04-08 08:38:23,368 INFO org.springframework.boot.SpringApplication [main] No active profile set, falling back to default profiles: default
2021-04-08 08:38:23,948 INFO org.springframework.data.repository.config.RepositoryConfigurationDelegate [main] Bootstrapping Spring Data JPA repositories in DEFAULT mode.
2021-04-08 08:38:23,998 INFO org.springframework.data.repository.config.RepositoryConfigurationDelegate [main] Finished Spring Data repository scanning in 46 ms. Found 5 JPA repository interfaces.
2021-04-08 08:38:24,653 INFO org.springframework.boot.web.embedded.tomcat.TomcatWebServer [main] Tomcat initialized with port(s): 8080 (http)
2021-04-08 08:38:24,658 INFO org.apache.juli.logging.DirectJDKLog [main] Initializing ProtocolHandler ["http-nio-8080"]
2021-04-08 08:38:24,658 INFO org.apache.juli.logging.DirectJDKLog [main] Starting service [Tomcat]
2021-04-08 08:38:24,658 INFO org.apache.juli.logging.DirectJDKLog [main] Starting Servlet engine: [Apache Tomcat/9.0.43]
2021-04-08 08:38:24,748 INFO org.apache.juli.logging.DirectJDKLog [main] Initializing Spring embedded WebApplicationContext
2021-04-08 08:38:24,748 INFO org.springframework.boot.web.servlet.context.ServletWebServerApplicationContext [main] Root WebApplicationContext: initialization completed in 1340 ms
2021-04-08 08:38:24,878 INFO org.hibernate.jpa.internal.util.LogHelper [main] HHH000204: Processing PersistenceUnitInfo [name: default]
2021-04-08 08:38:24,918 INFO org.hibernate.Version [main] HHH000412: Hibernate ORM core version 5.4.28.Final
2021-04-08 08:38:25,003 INFO org.hibernate.annotations.common.reflection.java.JavaReflectionManager [main] HCANN000001: Hibernate Commons Annotations {5.1.2.Final}
2021-04-08 08:38:25,068 INFO com.zaxxer.hikari.HikariDataSource [main] HikariPool-1 - Starting...
2021-04-08 08:38:25,318 INFO com.zaxxer.hikari.HikariDataSource [main] HikariPool-1 - Start completed.
2021-04-08 08:38:25,328 INFO org.hibernate.dialect.Dialect [main] HHH000400: Using dialect: org.hibernate.dialect.MySQL55Dialect
2021-04-08 08:38:25,908 INFO org.hibernate.engine.transaction.jta.platform.internal.JtaPlatformInitiator [main] HHH000490: Using JtaPlatform implementation: [org.hibernate.engine.transaction.jta.platform.internal.NoJtaPlatform]
2021-04-08 08:38:25,923 INFO org.springframework.orm.jpa.AbstractEntityManagerFactoryBean [main] Initialized JPA EntityManagerFactory for persistence unit 'default'
2021-04-08 08:38:26,288 WARN org.springframework.boot.autoconfigure.orm.jpa.JpaBaseConfiguration$JpaWebConfiguration [main] spring.jpa.open-in-view is enabled by default. Therefore, database queries may be performed during view rendering. Explicitly configure spring.jpa.open-in-view to disable this warning
2021-04-08 08:38:26,328 INFO org.springframework.scheduling.concurrent.ExecutorConfigurationSupport [main] Initializing ExecutorService 'applicationTaskExecutor'
2021-04-08 08:38:26,408 INFO org.springframework.boot.autoconfigure.web.servlet.WelcomePageHandlerMapping [main] Adding welcome page template: index
2021-04-08 08:38:26,718 INFO org.apache.juli.logging.DirectJDKLog [main] Starting ProtocolHandler ["http-nio-8080"]
2021-04-08 08:38:26,778 INFO org.springframework.boot.web.embedded.tomcat.TomcatWebServer [main] Tomcat started on port(s): 8080 (http) with context path ''
2021-04-08 08:38:26,788 INFO org.springframework.boot.StartupInfoLogger [main] Started GreenrouteApplication in 4.098 seconds (JVM running for 4.494)
2021-04-08 08:38:42,988 INFO org.apache.juli.logging.DirectJDKLog [http-nio-8080-exec-1] Initializing Spring DispatcherServlet 'dispatcherServlet'
2021-04-08 08:38:42,988 INFO org.springframework.web.servlet.FrameworkServlet [http-nio-8080-exec-1] Initializing Servlet 'dispatcherServlet'
2021-04-08 08:38:42,988 INFO org.springframework.web.servlet.FrameworkServlet [http-nio-8080-exec-1] Completed initialization in 0 ms
2021-04-08 08:40:55,376 INFO org.springframework.boot.StartupInfoLogger [main] Starting GreenrouteApplication using Java 11.0.10 on DESKTOP-GOI1K1R with PID 11656 (C:\Users\Javier\Desktop\Proyectos IntelliJ\DAM\Spring\GreenRoute\target\classes started by Javier in C:\Users\Javier\Desktop\Proyectos IntelliJ\DAM\Spring\GreenRoute)
2021-04-08 08:40:55,378 INFO org.springframework.boot.SpringApplication [main] No active profile set, falling back to default profiles: default
2021-04-08 08:40:55,971 INFO org.springframework.data.repository.config.RepositoryConfigurationDelegate [main] Bootstrapping Spring Data JPA repositories in DEFAULT mode.
2021-04-08 08:40:56,024 INFO org.springframework.data.repository.config.RepositoryConfigurationDelegate [main] Finished Spring Data repository scanning in 47 ms. Found 5 JPA repository interfaces.
2021-04-08 08:40:56,728 INFO org.springframework.boot.web.embedded.tomcat.TomcatWebServer [main] Tomcat initialized with port(s): 8080 (http)
2021-04-08 08:40:56,737 INFO org.apache.juli.logging.DirectJDKLog [main] Initializing ProtocolHandler ["http-nio-8080"]
2021-04-08 08:40:56,737 INFO org.apache.juli.logging.DirectJDKLog [main] Starting service [Tomcat]
2021-04-08 08:40:56,738 INFO org.apache.juli.logging.DirectJDKLog [main] Starting Servlet engine: [Apache Tomcat/9.0.43]
2021-04-08 08:40:56,809 INFO org.apache.juli.logging.DirectJDKLog [main] Initializing Spring embedded WebApplicationContext
2021-04-08 08:40:56,809 INFO org.springframework.boot.web.servlet.context.ServletWebServerApplicationContext [main] Root WebApplicationContext: initialization completed in 1396 ms
2021-04-08 08:40:56,934 INFO org.hibernate.jpa.internal.util.LogHelper [main] HHH000204: Processing PersistenceUnitInfo [name: default]
2021-04-08 08:40:57,001 INFO org.hibernate.Version [main] HHH000412: Hibernate ORM core version 5.4.28.Final
2021-04-08 08:40:57,084 INFO org.hibernate.annotations.common.reflection.java.JavaReflectionManager [main] HCANN000001: Hibernate Commons Annotations {5.1.2.Final}
2021-04-08 08:40:57,157 INFO com.zaxxer.hikari.HikariDataSource [main] HikariPool-1 - Starting...
2021-04-08 08:40:57,357 INFO com.zaxxer.hikari.HikariDataSource [main] HikariPool-1 - Start completed.
2021-04-08 08:40:57,394 INFO org.hibernate.dialect.Dialect [main] HHH000400: Using dialect: org.hibernate.dialect.MySQL55Dialect
2021-04-08 08:40:59,329 INFO org.hibernate.engine.transaction.jta.platform.internal.JtaPlatformInitiator [main] HHH000490: Using JtaPlatform implementation: [org.hibernate.engine.transaction.jta.platform.internal.NoJtaPlatform]
2021-04-08 08:40:59,352 INFO org.springframework.orm.jpa.AbstractEntityManagerFactoryBean [main] Initialized JPA EntityManagerFactory for persistence unit 'default'
2021-04-08 08:40:59,998 WARN org.springframework.boot.autoconfigure.orm.jpa.JpaBaseConfiguration$JpaWebConfiguration [main] spring.jpa.open-in-view is enabled by default. Therefore, database queries may be performed during view rendering. Explicitly configure spring.jpa.open-in-view to disable this warning
2021-04-08 08:41:00,053 INFO org.springframework.scheduling.concurrent.ExecutorConfigurationSupport [main] Initializing ExecutorService 'applicationTaskExecutor'
2021-04-08 08:41:00,130 INFO org.springframework.boot.autoconfigure.web.servlet.WelcomePageHandlerMapping [main] Adding welcome page template: index
2021-04-08 08:41:00,454 INFO org.apache.juli.logging.DirectJDKLog [main] Starting ProtocolHandler ["http-nio-8080"]
2021-04-08 08:41:00,474 INFO org.springframework.boot.web.embedded.tomcat.TomcatWebServer [main] Tomcat started on port(s): 8080 (http) with context path ''
2021-04-08 08:41:00,481 INFO org.springframework.boot.StartupInfoLogger [main] Started GreenrouteApplication in 5.474 seconds (JVM running for 5.83)
2021-04-08 08:41:02,032 INFO org.apache.juli.logging.DirectJDKLog [http-nio-8080-exec-1] Initializing Spring DispatcherServlet 'dispatcherServlet'
2021-04-08 08:41:02,033 INFO org.springframework.web.servlet.FrameworkServlet [http-nio-8080-exec-1] Initializing Servlet 'dispatcherServlet'
2021-04-08 08:41:02,034 INFO org.springframework.web.servlet.FrameworkServlet [http-nio-8080-exec-1] Completed initialization in 1 ms
2021-04-08 08:50:17,538 INFO org.springframework.boot.StartupInfoLogger [main] Starting GreenrouteApplication using Java 11.0.10 on DESKTOP-GOI1K1R with PID 12772 (C:\Users\Javier\Desktop\Proyectos IntelliJ\DAM\Spring\GreenRoute\target\classes started by Javier in C:\Users\Javier\Desktop\Proyectos IntelliJ\DAM\Spring\GreenRoute)
2021-04-08 08:50:17,541 INFO org.springframework.boot.SpringApplication [main] No active profile set, falling back to default profiles: default
2021-04-08 08:50:18,946 INFO org.springframework.data.repository.config.RepositoryConfigurationDelegate [main] Bootstrapping Spring Data JPA repositories in DEFAULT mode.
2021-04-08 08:50:19,070 INFO org.springframework.data.repository.config.RepositoryConfigurationDelegate [main] Finished Spring Data repository scanning in 110 ms. Found 5 JPA repository interfaces.
2021-04-08 08:50:20,357 INFO org.springframework.boot.web.embedded.tomcat.TomcatWebServer [main] Tomcat initialized with port(s): 8080 (http)
2021-04-08 08:50:20,373 INFO org.apache.juli.logging.DirectJDKLog [main] Initializing ProtocolHandler ["http-nio-8080"]
2021-04-08 08:50:20,374 INFO org.apache.juli.logging.DirectJDKLog [main] Starting service [Tomcat]
2021-04-08 08:50:20,374 INFO org.apache.juli.logging.DirectJDKLog [main] Starting Servlet engine: [Apache Tomcat/9.0.43]
2021-04-08 08:50:20,523 INFO org.apache.juli.logging.DirectJDKLog [main] Initializing Spring embedded WebApplicationContext
2021-04-08 08:50:20,524 INFO org.springframework.boot.web.servlet.context.ServletWebServerApplicationContext [main] Root WebApplicationContext: initialization completed in 2905 ms
2021-04-08 08:50:20,809 INFO org.hibernate.jpa.internal.util.LogHelper [main] HHH000204: Processing PersistenceUnitInfo [name: default]
2021-04-08 08:50:20,936 INFO org.hibernate.Version [main] HHH000412: Hibernate ORM core version 5.4.28.Final
2021-04-08 08:50:21,126 INFO org.hibernate.annotations.common.reflection.java.JavaReflectionManager [main] HCANN000001: Hibernate Commons Annotations {5.1.2.Final}
2021-04-08 08:50:21,325 INFO com.zaxxer.hikari.HikariDataSource [main] HikariPool-1 - Starting...
2021-04-08 08:50:21,565 INFO com.zaxxer.hikari.HikariDataSource [main] HikariPool-1 - Start completed.
2021-04-08 08:50:21,593 INFO org.hibernate.dialect.Dialect [main] HHH000400: Using dialect: org.hibernate.dialect.MySQL55Dialect
2021-04-08 08:50:22,792 INFO org.hibernate.engine.transaction.jta.platform.internal.JtaPlatformInitiator [main] HHH000490: Using JtaPlatform implementation: [org.hibernate.engine.transaction.jta.platform.internal.NoJtaPlatform]
2021-04-08 08:50:22,812 INFO org.springframework.orm.jpa.AbstractEntityManagerFactoryBean [main] Initialized JPA EntityManagerFactory for persistence unit 'default'
2021-04-08 08:50:23,912 WARN org.springframework.boot.autoconfigure.orm.jpa.JpaBaseConfiguration$JpaWebConfiguration [main] spring.jpa.open-in-view is enabled by default. Therefore, database queries may be performed during view rendering. Explicitly configure spring.jpa.open-in-view to disable this warning
2021-04-08 08:50:24,059 INFO org.springframework.scheduling.concurrent.ExecutorConfigurationSupport [main] Initializing ExecutorService 'applicationTaskExecutor'
2021-04-08 08:50:24,423 INFO org.springframework.boot.autoconfigure.web.servlet.WelcomePageHandlerMapping [main] Adding welcome page template: index
2021-04-08 08:50:25,346 INFO org.apache.juli.logging.DirectJDKLog [main] Starting ProtocolHandler ["http-nio-8080"]
2021-04-08 08:50:25,410 INFO org.springframework.boot.web.embedded.tomcat.TomcatWebServer [main] Tomcat started on port(s): 8080 (http) with context path ''
2021-04-08 08:50:25,432 INFO org.springframework.boot.StartupInfoLogger [main] Started GreenrouteApplication in 8.664 seconds (JVM running for 9.245)
2021-04-08 08:50:30,186 INFO org.apache.juli.logging.DirectJDKLog [http-nio-8080-exec-1] Initializing Spring DispatcherServlet 'dispatcherServlet'
2021-04-08 08:50:30,187 INFO org.springframework.web.servlet.FrameworkServlet [http-nio-8080-exec-1] Initializing Servlet 'dispatcherServlet'
2021-04-08 08:50:30,189 INFO org.springframework.web.servlet.FrameworkServlet [http-nio-8080-exec-1] Completed initialization in 1 ms
2021-04-08 08:57:40,380 INFO org.springframework.boot.StartupInfoLogger [main] Starting GreenrouteApplication using Java 11.0.10 on DESKTOP-GOI1K1R with PID 13844 (C:\Users\Javier\Desktop\Proyectos IntelliJ\DAM\Spring\GreenRoute\target\classes started by Javier in C:\Users\Javier\Desktop\Proyectos IntelliJ\DAM\Spring\GreenRoute)
2021-04-08 08:57:40,383 INFO org.springframework.boot.SpringApplication [main] No active profile set, falling back to default profiles: default
2021-04-08 08:57:40,979 INFO org.springframework.data.repository.config.RepositoryConfigurationDelegate [main] Bootstrapping Spring Data JPA repositories in DEFAULT mode.
2021-04-08 08:57:41,039 INFO org.springframework.data.repository.config.RepositoryConfigurationDelegate [main] Finished Spring Data repository scanning in 52 ms. Found 5 JPA repository interfaces.
2021-04-08 08:57:41,688 INFO org.springframework.boot.web.embedded.tomcat.TomcatWebServer [main] Tomcat initialized with port(s): 8080 (http)
2021-04-08 08:57:41,696 INFO org.apache.juli.logging.DirectJDKLog [main] Initializing ProtocolHandler ["http-nio-8080"]
2021-04-08 08:57:41,697 INFO org.apache.juli.logging.DirectJDKLog [main] Starting service [Tomcat]
2021-04-08 08:57:41,697 INFO org.apache.juli.logging.DirectJDKLog [main] Starting Servlet engine: [Apache Tomcat/9.0.43]
2021-04-08 08:57:41,767 INFO org.apache.juli.logging.DirectJDKLog [main] Initializing Spring embedded WebApplicationContext
2021-04-08 08:57:41,767 INFO org.springframework.boot.web.servlet.context.ServletWebServerApplicationContext [main] Root WebApplicationContext: initialization completed in 1335 ms
2021-04-08 08:57:41,902 INFO org.hibernate.jpa.internal.util.LogHelper [main] HHH000204: Processing PersistenceUnitInfo [name: default]
2021-04-08 08:57:41,956 INFO org.hibernate.Version [main] HHH000412: Hibernate ORM core version 5.4.28.Final
2021-04-08 08:57:42,038 INFO org.hibernate.annotations.common.reflection.java.JavaReflectionManager [main] HCANN000001: Hibernate Commons Annotations {5.1.2.Final}
2021-04-08 08:57:42,109 INFO com.zaxxer.hikari.HikariDataSource [main] HikariPool-1 - Starting...
2021-04-08 08:57:42,221 INFO com.zaxxer.hikari.HikariDataSource [main] HikariPool-1 - Start completed.
2021-04-08 08:57:42,233 INFO org.hibernate.dialect.Dialect [main] HHH000400: Using dialect: org.hibernate.dialect.MySQL55Dialect
2021-04-08 08:57:42,718 INFO org.hibernate.engine.transaction.jta.platform.internal.JtaPlatformInitiator [main] HHH000490: Using JtaPlatform implementation: [org.hibernate.engine.transaction.jta.platform.internal.NoJtaPlatform]
2021-04-08 08:57:42,724 INFO org.springframework.orm.jpa.AbstractEntityManagerFactoryBean [main] Initialized JPA EntityManagerFactory for persistence unit 'default'
2021-04-08 08:57:43,056 WARN org.springframework.boot.autoconfigure.orm.jpa.JpaBaseConfiguration$JpaWebConfiguration [main] spring.jpa.open-in-view is enabled by default. Therefore, database queries may be performed during view rendering. Explicitly configure spring.jpa.open-in-view to disable this warning
2021-04-08 08:57:43,101 INFO org.springframework.scheduling.concurrent.ExecutorConfigurationSupport [main] Initializing ExecutorService 'applicationTaskExecutor'
2021-04-08 08:57:43,177 INFO org.springframework.boot.autoconfigure.web.servlet.WelcomePageHandlerMapping [main] Adding welcome page template: index
2021-04-08 08:57:43,500 INFO org.apache.juli.logging.DirectJDKLog [main] Starting ProtocolHandler ["http-nio-8080"]
2021-04-08 08:57:43,517 INFO org.springframework.boot.web.embedded.tomcat.TomcatWebServer [main] Tomcat started on port(s): 8080 (http) with context path ''
2021-04-08 08:57:43,524 INFO org.springframework.boot.StartupInfoLogger [main] Started GreenrouteApplication in 3.71 seconds (JVM running for 4.169)
2021-04-08 08:57:51,592 INFO org.apache.juli.logging.DirectJDKLog [http-nio-8080-exec-1] Initializing Spring DispatcherServlet 'dispatcherServlet'
2021-04-08 08:57:51,593 INFO org.springframework.web.servlet.FrameworkServlet [http-nio-8080-exec-1] Initializing Servlet 'dispatcherServlet'
2021-04-08 08:57:51,594 INFO org.springframework.web.servlet.FrameworkServlet [http-nio-8080-exec-1] Completed initialization in 1 ms
2021-04-08 09:00:37,948 INFO org.springframework.boot.StartupInfoLogger [main] Starting GreenrouteApplication using Java 11.0.10 on DESKTOP-GOI1K1R with PID 2544 (C:\Users\Javier\Desktop\Proyectos IntelliJ\DAM\Spring\GreenRoute\target\classes started by Javier in C:\Users\Javier\Desktop\Proyectos IntelliJ\DAM\Spring\GreenRoute)
2021-04-08 09:00:37,950 INFO org.springframework.boot.SpringApplication [main] No active profile set, falling back to default profiles: default
2021-04-08 09:00:38,558 INFO org.springframework.data.repository.config.RepositoryConfigurationDelegate [main] Bootstrapping Spring Data JPA repositories in DEFAULT mode.
2021-04-08 09:00:38,624 INFO org.springframework.data.repository.config.RepositoryConfigurationDelegate [main] Finished Spring Data repository scanning in 59 ms. Found 5 JPA repository interfaces.
2021-04-08 09:00:39,279 INFO org.springframework.boot.web.embedded.tomcat.TomcatWebServer [main] Tomcat initialized with port(s): 8080 (http)
2021-04-08 09:00:39,287 INFO org.apache.juli.logging.DirectJDKLog [main] Initializing ProtocolHandler ["http-nio-8080"]
2021-04-08 09:00:39,287 INFO org.apache.juli.logging.DirectJDKLog [main] Starting service [Tomcat]
2021-04-08 09:00:39,287 INFO org.apache.juli.logging.DirectJDKLog [main] Starting Servlet engine: [Apache Tomcat/9.0.43]
2021-04-08 09:00:39,372 INFO org.apache.juli.logging.DirectJDKLog [main] Initializing Spring embedded WebApplicationContext
2021-04-08 09:00:39,373 INFO org.springframework.boot.web.servlet.context.ServletWebServerApplicationContext [main] Root WebApplicationContext: initialization completed in 1387 ms
2021-04-08 09:00:39,529 INFO org.hibernate.jpa.internal.util.LogHelper [main] HHH000204: Processing PersistenceUnitInfo [name: default]
2021-04-08 09:00:39,578 INFO org.hibernate.Version [main] HHH000412: Hibernate ORM core version 5.4.28.Final
2021-04-08 09:00:39,670 INFO org.hibernate.annotations.common.reflection.java.JavaReflectionManager [main] HCANN000001: Hibernate Commons Annotations {5.1.2.Final}
2021-04-08 09:00:39,737 INFO com.zaxxer.hikari.HikariDataSource [main] HikariPool-1 - Starting...
2021-04-08 09:00:39,865 INFO com.zaxxer.hikari.HikariDataSource [main] HikariPool-1 - Start completed.
2021-04-08 09:00:39,877 INFO org.hibernate.dialect.Dialect [main] HHH000400: Using dialect: org.hibernate.dialect.MySQL55Dialect
2021-04-08 09:00:40,384 INFO org.hibernate.engine.transaction.jta.platform.internal.JtaPlatformInitiator [main] HHH000490: Using JtaPlatform implementation: [org.hibernate.engine.transaction.jta.platform.internal.NoJtaPlatform]
2021-04-08 09:00:40,391 INFO org.springframework.orm.jpa.AbstractEntityManagerFactoryBean [main] Initialized JPA EntityManagerFactory for persistence unit 'default'
2021-04-08 09:00:40,866 WARN org.springframework.boot.autoconfigure.orm.jpa.JpaBaseConfiguration$JpaWebConfiguration [main] spring.jpa.open-in-view is enabled by default. Therefore, database queries may be performed during view rendering. Explicitly configure spring.jpa.open-in-view to disable this warning
2021-04-08 09:00:40,928 INFO org.springframework.scheduling.concurrent.ExecutorConfigurationSupport [main] Initializing ExecutorService 'applicationTaskExecutor'
2021-04-08 09:00:41,023 INFO org.springframework.boot.autoconfigure.web.servlet.WelcomePageHandlerMapping [main] Adding welcome page template: index
2021-04-08 09:00:41,473 INFO org.apache.juli.logging.DirectJDKLog [main] Starting ProtocolHandler ["http-nio-8080"]
2021-04-08 09:00:41,489 INFO org.springframework.boot.web.embedded.tomcat.TomcatWebServer [main] Tomcat started on port(s): 8080 (http) with context path ''
2021-04-08 09:00:41,495 INFO org.springframework.boot.StartupInfoLogger [main] Started GreenrouteApplication in 3.938 seconds (JVM running for 4.262)
2021-04-08 09:00:45,440 INFO org.apache.juli.logging.DirectJDKLog [http-nio-8080-exec-1] Initializing Spring DispatcherServlet 'dispatcherServlet'
2021-04-08 09:00:45,441 INFO org.springframework.web.servlet.FrameworkServlet [http-nio-8080-exec-1] Initializing Servlet 'dispatcherServlet'
2021-04-08 09:00:45,442 INFO org.springframework.web.servlet.FrameworkServlet [http-nio-8080-exec-1] Completed initialization in 0 ms
2021-04-08 09:20:40,865 INFO org.springframework.boot.StartupInfoLogger [main] Starting GreenrouteApplication using Java 11.0.10 on DESKTOP-GOI1K1R with PID 7304 (C:\Users\Javier\Desktop\Proyectos IntelliJ\DAM\Spring\GreenRoute\target\classes started by Javier in C:\Users\Javier\Desktop\Proyectos IntelliJ\DAM\Spring\GreenRoute)
2021-04-08 09:20:40,867 INFO org.springframework.boot.SpringApplication [main] No active profile set, falling back to default profiles: default
2021-04-08 09:20:41,441 INFO org.springframework.data.repository.config.RepositoryConfigurationDelegate [main] Bootstrapping Spring Data JPA repositories in DEFAULT mode.
2021-04-08 09:20:41,502 INFO org.springframework.data.repository.config.RepositoryConfigurationDelegate [main] Finished Spring Data repository scanning in 53 ms. Found 5 JPA repository interfaces.
2021-04-08 09:20:42,178 INFO org.springframework.boot.web.embedded.tomcat.TomcatWebServer [main] Tomcat initialized with port(s): 8080 (http)
2021-04-08 09:20:42,191 INFO org.apache.juli.logging.DirectJDKLog [main] Initializing ProtocolHandler ["http-nio-8080"]
2021-04-08 09:20:42,192 INFO org.apache.juli.logging.DirectJDKLog [main] Starting service [Tomcat]
2021-04-08 09:20:42,193 INFO org.apache.juli.logging.DirectJDKLog [main] Starting Servlet engine: [Apache Tomcat/9.0.43]
2021-04-08 09:20:42,286 INFO org.apache.juli.logging.DirectJDKLog [main] Initializing Spring embedded WebApplicationContext
2021-04-08 09:20:42,286 INFO org.springframework.boot.web.servlet.context.ServletWebServerApplicationContext [main] Root WebApplicationContext: initialization completed in 1385 ms
2021-04-08 09:20:42,429 INFO org.hibernate.jpa.internal.util.LogHelper [main] HHH000204: Processing PersistenceUnitInfo [name: default]
2021-04-08 09:20:42,480 INFO org.hibernate.Version [main] HHH000412: Hibernate ORM core version 5.4.28.Final
2021-04-08 09:20:42,563 INFO org.hibernate.annotations.common.reflection.java.JavaReflectionManager [main] HCANN000001: Hibernate Commons Annotations {5.1.2.Final}
2021-04-08 09:20:42,642 INFO com.zaxxer.hikari.HikariDataSource [main] HikariPool-1 - Starting...
2021-04-08 09:20:42,762 INFO com.zaxxer.hikari.HikariDataSource [main] HikariPool-1 - Start completed.
2021-04-08 09:20:42,776 INFO org.hibernate.dialect.Dialect [main] HHH000400: Using dialect: org.hibernate.dialect.MySQL55Dialect
2021-04-08 09:20:43,293 INFO org.hibernate.engine.transaction.jta.platform.internal.JtaPlatformInitiator [main] HHH000490: Using JtaPlatform implementation: [org.hibernate.engine.transaction.jta.platform.internal.NoJtaPlatform]
2021-04-08 09:20:43,300 INFO org.springframework.orm.jpa.AbstractEntityManagerFactoryBean [main] Initialized JPA EntityManagerFactory for persistence unit 'default'
2021-04-08 09:20:43,637 WARN org.springframework.boot.autoconfigure.orm.jpa.JpaBaseConfiguration$JpaWebConfiguration [main] spring.jpa.open-in-view is enabled by default. Therefore, database queries may be performed during view rendering. Explicitly configure spring.jpa.open-in-view to disable this warning
2021-04-08 09:20:43,686 INFO org.springframework.scheduling.concurrent.ExecutorConfigurationSupport [main] Initializing ExecutorService 'applicationTaskExecutor'
2021-04-08 09:20:43,761 INFO org.springframework.boot.autoconfigure.web.servlet.WelcomePageHandlerMapping [main] Adding welcome page template: index
2021-04-08 09:20:44,095 INFO org.apache.juli.logging.DirectJDKLog [main] Starting ProtocolHandler ["http-nio-8080"]
2021-04-08 09:20:44,112 INFO org.springframework.boot.web.embedded.tomcat.TomcatWebServer [main] Tomcat started on port(s): 8080 (http) with context path ''
2021-04-08 09:20:44,118 INFO org.springframework.boot.StartupInfoLogger [main] Started GreenrouteApplication in 3.633 seconds (JVM running for 3.965)
2021-04-08 09:21:09,405 INFO org.apache.juli.logging.DirectJDKLog [http-nio-8080-exec-2] Initializing Spring DispatcherServlet 'dispatcherServlet'
2021-04-08 09:21:09,406 INFO org.springframework.web.servlet.FrameworkServlet [http-nio-8080-exec-2] Initializing Servlet 'dispatcherServlet'
2021-04-08 09:21:09,410 INFO org.springframework.web.servlet.FrameworkServlet [http-nio-8080-exec-2] Completed initialization in 4 ms
2021-04-08 09:21:09,458 INFO com.sanvalero.greenroute.controller.restcontroller.LocationController [http-nio-8080-exec-2] init getLocations
2021-04-08 09:21:09,563 INFO com.sanvalero.greenroute.controller.restcontroller.LocationController [http-nio-8080-exec-2] end getLocations
2021-04-08 09:31:46,528 INFO org.springframework.boot.StartupInfoLogger [main] Starting GreenrouteApplication using Java 11.0.10 on DESKTOP-GOI1K1R with PID 1944 (C:\Users\Javier\Desktop\Proyectos IntelliJ\DAM\Spring\GreenRoute\target\classes started by Javier in C:\Users\Javier\Desktop\Proyectos IntelliJ\DAM\Spring\GreenRoute)
2021-04-08 09:31:46,530 INFO org.springframework.boot.SpringApplication [main] No active profile set, falling back to default profiles: default
2021-04-08 09:31:47,106 INFO org.springframework.data.repository.config.RepositoryConfigurationDelegate [main] Bootstrapping Spring Data JPA repositories in DEFAULT mode.
2021-04-08 09:31:47,159 INFO org.springframework.data.repository.config.RepositoryConfigurationDelegate [main] Finished Spring Data repository scanning in 46 ms. Found 5 JPA repository interfaces.
2021-04-08 09:31:47,826 INFO org.springframework.boot.web.embedded.tomcat.TomcatWebServer [main] Tomcat initialized with port(s): 8080 (http)
2021-04-08 09:31:47,838 INFO org.apache.juli.logging.DirectJDKLog [main] Initializing ProtocolHandler ["http-nio-8080"]
2021-04-08 09:31:47,839 INFO org.apache.juli.logging.DirectJDKLog [main] Starting service [Tomcat]
2021-04-08 09:31:47,839 INFO org.apache.juli.logging.DirectJDKLog [main] Starting Servlet engine: [Apache Tomcat/9.0.43]
2021-04-08 09:31:47,916 INFO org.apache.juli.logging.DirectJDKLog [main] Initializing Spring embedded WebApplicationContext
2021-04-08 09:31:47,916 INFO org.springframework.boot.web.servlet.context.ServletWebServerApplicationContext [main] Root WebApplicationContext: initialization completed in 1351 ms
2021-04-08 09:31:48,047 INFO org.hibernate.jpa.internal.util.LogHelper [main] HHH000204: Processing PersistenceUnitInfo [name: default]
2021-04-08 09:31:48,099 INFO org.hibernate.Version [main] HHH000412: Hibernate ORM core version 5.4.28.Final
2021-04-08 09:31:48,180 INFO org.hibernate.annotations.common.reflection.java.JavaReflectionManager [main] HCANN000001: Hibernate Commons Annotations {5.1.2.Final}
2021-04-08 09:31:48,258 INFO com.zaxxer.hikari.HikariDataSource [main] HikariPool-1 - Starting...
2021-04-08 09:31:48,378 INFO com.zaxxer.hikari.HikariDataSource [main] HikariPool-1 - Start completed.
2021-04-08 09:31:48,391 INFO org.hibernate.dialect.Dialect [main] HHH000400: Using dialect: org.hibernate.dialect.MySQL55Dialect
2021-04-08 09:31:48,979 INFO org.hibernate.engine.transaction.jta.platform.internal.JtaPlatformInitiator [main] HHH000490: Using JtaPlatform implementation: [org.hibernate.engine.transaction.jta.platform.internal.NoJtaPlatform]
2021-04-08 09:31:48,985 INFO org.springframework.orm.jpa.AbstractEntityManagerFactoryBean [main] Initialized JPA EntityManagerFactory for persistence unit 'default'
2021-04-08 09:31:49,323 WARN org.springframework.boot.autoconfigure.orm.jpa.JpaBaseConfiguration$JpaWebConfiguration [main] spring.jpa.open-in-view is enabled by default. Therefore, database queries may be performed during view rendering. Explicitly configure spring.jpa.open-in-view to disable this warning
2021-04-08 09:31:49,375 INFO org.springframework.scheduling.concurrent.ExecutorConfigurationSupport [main] Initializing ExecutorService 'applicationTaskExecutor'
2021-04-08 09:31:49,454 INFO org.springframework.boot.autoconfigure.web.servlet.WelcomePageHandlerMapping [main] Adding welcome page template: index
2021-04-08 09:31:49,777 INFO org.apache.juli.logging.DirectJDKLog [main] Starting ProtocolHandler ["http-nio-8080"]
2021-04-08 09:31:49,792 INFO org.springframework.boot.web.embedded.tomcat.TomcatWebServer [main] Tomcat started on port(s): 8080 (http) with context path ''
2021-04-08 09:31:49,811 INFO org.springframework.boot.StartupInfoLogger [main] Started GreenrouteApplication in 3.668 seconds (JVM running for 3.98)
2021-04-08 09:33:09,076 INFO org.apache.juli.logging.DirectJDKLog [http-nio-8080-exec-4] Initializing Spring DispatcherServlet 'dispatcherServlet'
2021-04-08 09:33:09,077 INFO org.springframework.web.servlet.FrameworkServlet [http-nio-8080-exec-4] Initializing Servlet 'dispatcherServlet'
2021-04-08 09:33:09,079 INFO org.springframework.web.servlet.FrameworkServlet [http-nio-8080-exec-4] Completed initialization in 1 ms
2021-04-08 09:33:09,114 INFO com.sanvalero.greenroute.controller.restcontroller.RoadController [http-nio-8080-exec-4] [init getRoads]
2021-04-08 09:33:09,226 INFO com.sanvalero.greenroute.controller.restcontroller.RoadController [http-nio-8080-exec-4] [end getRoads]
2021-04-08 17:51:18,719 INFO org.springframework.boot.StartupInfoLogger [main] Starting GreenrouteApplication using Java 11.0.10 on DESKTOP-GOI1K1R with PID 2220 (C:\Users\Javier\Desktop\Proyectos IntelliJ\DAM\Spring\GreenRoute\target\classes started by Javier in C:\Users\Javier\Desktop\Proyectos IntelliJ\DAM\Spring\GreenRoute)
2021-04-08 17:51:18,729 INFO org.springframework.boot.SpringApplication [main] No active profile set, falling back to default profiles: default
2021-04-08 17:51:20,324 INFO org.springframework.data.repository.config.RepositoryConfigurationDelegate [main] Bootstrapping Spring Data JPA repositories in DEFAULT mode.
2021-04-08 17:51:20,521 INFO org.springframework.data.repository.config.RepositoryConfigurationDelegate [main] Finished Spring Data repository scanning in 187 ms. Found 5 JPA repository interfaces.
2021-04-08 17:51:21,810 INFO org.springframework.boot.web.embedded.tomcat.TomcatWebServer [main] Tomcat initialized with port(s): 8080 (http)
2021-04-08 17:51:21,820 INFO org.apache.juli.logging.DirectJDKLog [main] Initializing ProtocolHandler ["http-nio-8080"]
2021-04-08 17:51:21,821 INFO org.apache.juli.logging.DirectJDKLog [main] Starting service [Tomcat]
2021-04-08 17:51:21,821 INFO org.apache.juli.logging.DirectJDKLog [main] Starting Servlet engine: [Apache Tomcat/9.0.43]
2021-04-08 17:51:21,945 INFO org.apache.juli.logging.DirectJDKLog [main] Initializing Spring embedded WebApplicationContext
2021-04-08 17:51:21,945 INFO org.springframework.boot.web.servlet.context.ServletWebServerApplicationContext [main] Root WebApplicationContext: initialization completed in 3044 ms
2021-04-08 17:51:22,380 INFO org.hibernate.jpa.internal.util.LogHelper [main] HHH000204: Processing PersistenceUnitInfo [name: default]
2021-04-08 17:51:22,486 INFO org.hibernate.Version [main] HHH000412: Hibernate ORM core version 5.4.28.Final
2021-04-08 17:51:22,732 INFO org.hibernate.annotations.common.reflection.java.JavaReflectionManager [main] HCANN000001: Hibernate Commons Annotations {5.1.2.Final}
2021-04-08 17:51:22,924 INFO com.zaxxer.hikari.HikariDataSource [main] HikariPool-1 - Starting...
2021-04-08 17:51:23,440 INFO com.zaxxer.hikari.HikariDataSource [main] HikariPool-1 - Start completed.
2021-04-08 17:51:23,478 INFO org.hibernate.dialect.Dialect [main] HHH000400: Using dialect: org.hibernate.dialect.MySQL55Dialect
2021-04-08 17:51:24,747 INFO org.hibernate.engine.transaction.jta.platform.internal.JtaPlatformInitiator [main] HHH000490: Using JtaPlatform implementation: [org.hibernate.engine.transaction.jta.platform.internal.NoJtaPlatform]
2021-04-08 17:51:24,761 INFO org.springframework.orm.jpa.AbstractEntityManagerFactoryBean [main] Initialized JPA EntityManagerFactory for persistence unit 'default'
2021-04-08 17:51:25,632 WARN org.springframework.boot.autoconfigure.orm.jpa.JpaBaseConfiguration$JpaWebConfiguration [main] spring.jpa.open-in-view is enabled by default. Therefore, database queries may be performed during view rendering. Explicitly configure spring.jpa.open-in-view to disable this warning
2021-04-08 17:51:25,784 INFO org.springframework.scheduling.concurrent.ExecutorConfigurationSupport [main] Initializing ExecutorService 'applicationTaskExecutor'
2021-04-08 17:51:25,974 INFO org.springframework.boot.autoconfigure.web.servlet.WelcomePageHandlerMapping [main] Adding welcome page template: index
2021-04-08 17:51:26,594 INFO org.apache.juli.logging.DirectJDKLog [main] Starting ProtocolHandler ["http-nio-8080"]
2021-04-08 17:51:26,721 INFO org.springframework.boot.web.embedded.tomcat.TomcatWebServer [main] Tomcat started on port(s): 8080 (http) with context path ''
2021-04-08 17:51:26,735 INFO org.springframework.boot.StartupInfoLogger [main] Started GreenrouteApplication in 8.815 seconds (JVM running for 9.356)
2021-04-08 17:51:38,267 INFO org.apache.juli.logging.DirectJDKLog [http-nio-8080-exec-2] Initializing Spring DispatcherServlet 'dispatcherServlet'
2021-04-08 17:51:38,269 INFO org.springframework.web.servlet.FrameworkServlet [http-nio-8080-exec-2] Initializing Servlet 'dispatcherServlet'
2021-04-08 17:51:38,271 INFO org.springframework.web.servlet.FrameworkServlet [http-nio-8080-exec-2] Completed initialization in 2 ms
2021-04-08 17:51:38,386 INFO com.sanvalero.greenroute.controller.restcontroller.RoadController [http-nio-8080-exec-2] [init getRoads]
2021-04-08 17:51:39,049 INFO com.sanvalero.greenroute.controller.restcontroller.RoadController [http-nio-8080-exec-2] [end getRoads]
2021-04-08 18:23:16,853 INFO com.sanvalero.greenroute.controller.restcontroller.RoadController [http-nio-8080-exec-4] [init getRoads]
2021-04-08 18:23:16,870 INFO com.sanvalero.greenroute.controller.restcontroller.RoadController [http-nio-8080-exec-4] [end getRoads]
2021-04-08 18:30:10,849 INFO com.sanvalero.greenroute.controller.restcontroller.RoadController [http-nio-8080-exec-7] [init getRoads]
2021-04-08 18:30:10,859 INFO com.sanvalero.greenroute.controller.restcontroller.RoadController [http-nio-8080-exec-7] [end getRoads]
2021-04-08 18:31:46,948 INFO com.sanvalero.greenroute.controller.restcontroller.RoadController [http-nio-8080-exec-5] [init getRoads]
2021-04-08 18:31:46,960 INFO com.sanvalero.greenroute.controller.restcontroller.RoadController [http-nio-8080-exec-5] [end getRoads]
2021-04-08 18:54:06,977 INFO org.springframework.boot.StartupInfoLogger [main] Starting GreenrouteApplication using Java 11.0.10 on DESKTOP-GOI1K1R with PID 10048 (C:\Users\Javier\Desktop\Proyectos IntelliJ\DAM\Spring\GreenRoute\target\classes started by Javier in C:\Users\Javier\Desktop\Proyectos IntelliJ\DAM\Spring\GreenRoute)
2021-04-08 18:54:06,983 INFO org.springframework.boot.SpringApplication [main] No active profile set, falling back to default profiles: default
2021-04-08 18:54:10,894 INFO org.springframework.data.repository.config.RepositoryConfigurationDelegate [main] Bootstrapping Spring Data JPA repositories in DEFAULT mode.
2021-04-08 18:54:11,354 INFO org.springframework.data.repository.config.RepositoryConfigurationDelegate [main] Finished Spring Data repository scanning in 383 ms. Found 5 JPA repository interfaces.
2021-04-08 18:54:17,547 INFO org.springframework.boot.web.embedded.tomcat.TomcatWebServer [main] Tomcat initialized with port(s): 8080 (http)
2021-04-08 18:54:17,678 INFO org.apache.juli.logging.DirectJDKLog [main] Initializing ProtocolHandler ["http-nio-8080"]
2021-04-08 18:54:17,682 INFO org.apache.juli.logging.DirectJDKLog [main] Starting service [Tomcat]
2021-04-08 18:54:17,691 INFO org.apache.juli.logging.DirectJDKLog [main] Starting Servlet engine: [Apache Tomcat/9.0.43]
2021-04-08 18:54:18,089 INFO org.apache.juli.logging.DirectJDKLog [main] Initializing Spring embedded WebApplicationContext
2021-04-08 18:54:18,091 INFO org.springframework.boot.web.servlet.context.ServletWebServerApplicationContext [main] Root WebApplicationContext: initialization completed in 10931 ms
2021-04-08 18:54:18,813 INFO org.hibernate.jpa.internal.util.LogHelper [main] HHH000204: Processing PersistenceUnitInfo [name: default]
2021-04-08 18:54:19,092 INFO org.hibernate.Version [main] HHH000412: Hibernate ORM core version 5.4.28.Final
2021-04-08 18:54:20,073 INFO org.hibernate.annotations.common.reflection.java.JavaReflectionManager [main] HCANN000001: Hibernate Commons Annotations {5.1.2.Final}
2021-04-08 18:54:20,869 INFO com.zaxxer.hikari.HikariDataSource [main] HikariPool-1 - Starting...
2021-04-08 18:54:21,748 INFO com.zaxxer.hikari.HikariDataSource [main] HikariPool-1 - Start completed.
2021-04-08 18:54:21,823 INFO org.hibernate.dialect.Dialect [main] HHH000400: Using dialect: org.hibernate.dialect.MySQL55Dialect
2021-04-08 18:54:26,300 INFO org.hibernate.engine.transaction.jta.platform.internal.JtaPlatformInitiator [main] HHH000490: Using JtaPlatform implementation: [org.hibernate.engine.transaction.jta.platform.internal.NoJtaPlatform]
2021-04-08 18:54:26,334 INFO org.springframework.orm.jpa.AbstractEntityManagerFactoryBean [main] Initialized JPA EntityManagerFactory for persistence unit 'default'
2021-04-08 18:54:29,716 WARN org.springframework.boot.autoconfigure.orm.jpa.JpaBaseConfiguration$JpaWebConfiguration [main] spring.jpa.open-in-view is enabled by default. Therefore, database queries may be performed during view rendering. Explicitly configure spring.jpa.open-in-view to disable this warning
2021-04-08 18:54:30,070 INFO org.springframework.scheduling.concurrent.ExecutorConfigurationSupport [main] Initializing ExecutorService 'applicationTaskExecutor'
2021-04-08 18:54:30,481 INFO org.springframework.boot.autoconfigure.web.servlet.WelcomePageHandlerMapping [main] Adding welcome page template: index
2021-04-08 18:54:32,109 INFO org.apache.juli.logging.DirectJDKLog [main] Starting ProtocolHandler ["http-nio-8080"]
2021-04-08 18:54:32,261 INFO org.springframework.boot.web.embedded.tomcat.TomcatWebServer [main] Tomcat started on port(s): 8080 (http) with context path ''
2021-04-08 18:54:32,305 INFO org.springframework.boot.StartupInfoLogger [main] Started GreenrouteApplication in 28.946 seconds (JVM running for 30.699)
2021-04-08 18:54:37,750 INFO org.apache.juli.logging.DirectJDKLog [http-nio-8080-exec-5] Initializing Spring DispatcherServlet 'dispatcherServlet'
2021-04-08 18:54:37,753 INFO org.springframework.web.servlet.FrameworkServlet [http-nio-8080-exec-5] Initializing Servlet 'dispatcherServlet'
2021-04-08 18:54:37,755 INFO org.springframework.web.servlet.FrameworkServlet [http-nio-8080-exec-5] Completed initialization in 1 ms
2021-04-08 18:54:37,897 INFO com.sanvalero.greenroute.controller.restcontroller.RoadController [http-nio-8080-exec-5] [init getRoads]
2021-04-08 18:54:39,011 INFO com.sanvalero.greenroute.controller.restcontroller.RoadController [http-nio-8080-exec-5] [end getRoads]
2021-04-08 18:55:34,387 INFO com.sanvalero.greenroute.controller.restcontroller.RoadController [http-nio-8080-exec-6] [init getRoads]
2021-04-08 18:55:34,415 INFO com.sanvalero.greenroute.controller.restcontroller.RoadController [http-nio-8080-exec-6] [end getRoads]
2021-04-08 19:07:12,195 INFO com.sanvalero.greenroute.controller.restcontroller.RoadController [http-nio-8080-exec-3] [init addRoad]
2021-04-08 19:07:12,330 INFO com.sanvalero.greenroute.controller.restcontroller.RoadController [http-nio-8080-exec-3] [end addRoad]
2021-04-08 19:09:32,122 INFO com.sanvalero.greenroute.controller.restcontroller.RoadController [http-nio-8080-exec-2] [init addRoad]
2021-04-08 19:09:32,244 INFO com.sanvalero.greenroute.controller.restcontroller.RoadController [http-nio-8080-exec-2] [end addRoad]
2021-04-08 19:10:10,450 INFO com.sanvalero.greenroute.controller.restcontroller.RoadController [http-nio-8080-exec-9] [init addRoad]
2021-04-08 19:10:10,542 INFO com.sanvalero.greenroute.controller.restcontroller.RoadController [http-nio-8080-exec-9] [end addRoad]
2021-04-08 19:10:44,220 INFO com.sanvalero.greenroute.controller.restcontroller.RoadController [http-nio-8080-exec-5] [init addRoad]
2021-04-08 19:10:44,322 INFO com.sanvalero.greenroute.controller.restcontroller.RoadController [http-nio-8080-exec-5] [end addRoad]
2021-04-08 19:10:51,410 INFO com.sanvalero.greenroute.controller.restcontroller.RoadController [http-nio-8080-exec-4] [init getRoads]
2021-04-08 19:10:51,414 INFO com.sanvalero.greenroute.controller.restcontroller.RoadController [http-nio-8080-exec-4] [end getRoads]
2021-04-08 19:12:09,939 INFO com.sanvalero.greenroute.controller.restcontroller.RoadController [http-nio-8080-exec-1] [init addRoad]
2021-04-08 19:12:10,022 INFO com.sanvalero.greenroute.controller.restcontroller.RoadController [http-nio-8080-exec-1] [end addRoad]
2021-04-08 19:12:45,460 INFO com.sanvalero.greenroute.controller.restcontroller.RoadController [http-nio-8080-exec-3] [init addRoad]
2021-04-08 19:12:45,495 INFO com.sanvalero.greenroute.controller.restcontroller.RoadController [http-nio-8080-exec-3] [end addRoad]
2021-04-08 19:18:49,607 INFO com.sanvalero.greenroute.controller.restcontroller.RoadController [http-nio-8080-exec-8] [init getRoads]
2021-04-08 19:18:49,625 INFO com.sanvalero.greenroute.controller.restcontroller.RoadController [http-nio-8080-exec-8] [end getRoads]
2021-04-08 19:21:52,727 INFO com.sanvalero.greenroute.controller.restcontroller.RoadController [http-nio-8080-exec-9] [init getRoads]
2021-04-08 19:21:52,733 INFO com.sanvalero.greenroute.controller.restcontroller.RoadController [http-nio-8080-exec-9] [end getRoads]
2021-04-08 19:22:58,030 INFO com.sanvalero.greenroute.controller.restcontroller.RoadController [http-nio-8080-exec-4] [init getRoads]
2021-04-08 19:22:58,042 INFO com.sanvalero.greenroute.controller.restcontroller.RoadController [http-nio-8080-exec-4] [end getRoads]
2021-04-08 20:28:40,252 INFO org.springframework.boot.StartupInfoLogger [main] Starting GreenrouteApplication using Java 11.0.10 on DESKTOP-GOI1K1R with PID 10332 (C:\Users\Javier\Desktop\Proyectos IntelliJ\DAM\Spring\GreenRoute\target\classes started by Javier in C:\Users\Javier\Desktop\Proyectos IntelliJ\DAM\Spring\GreenRoute)
2021-04-08 20:28:40,257 INFO org.springframework.boot.SpringApplication [main] No active profile set, falling back to default profiles: default
2021-04-08 20:28:41,555 INFO org.springframework.data.repository.config.RepositoryConfigurationDelegate [main] Bootstrapping Spring Data JPA repositories in DEFAULT mode.
2021-04-08 20:28:41,667 INFO org.springframework.data.repository.config.RepositoryConfigurationDelegate [main] Finished Spring Data repository scanning in 96 ms. Found 5 JPA repository interfaces.
2021-04-08 20:28:42,788 INFO org.springframework.boot.web.embedded.tomcat.TomcatWebServer [main] Tomcat initialized with port(s): 8080 (http)
2021-04-08 20:28:42,808 INFO org.apache.juli.logging.DirectJDKLog [main] Initializing ProtocolHandler ["http-nio-8080"]
2021-04-08 20:28:42,811 INFO org.apache.juli.logging.DirectJDKLog [main] Starting service [Tomcat]
2021-04-08 20:28:42,812 INFO org.apache.juli.logging.DirectJDKLog [main] Starting Servlet engine: [Apache Tomcat/9.0.43]
2021-04-08 20:28:42,932 INFO org.apache.juli.logging.DirectJDKLog [main] Initializing Spring embedded WebApplicationContext
2021-04-08 20:28:42,932 INFO org.springframework.boot.web.servlet.context.ServletWebServerApplicationContext [main] Root WebApplicationContext: initialization completed in 2594 ms
2021-04-08 20:28:43,232 INFO org.hibernate.jpa.internal.util.LogHelper [main] HHH000204: Processing PersistenceUnitInfo [name: default]
2021-04-08 20:28:43,318 INFO org.hibernate.Version [main] HHH000412: Hibernate ORM core version 5.4.28.Final
2021-04-08 20:28:43,472 INFO org.hibernate.annotations.common.reflection.java.JavaReflectionManager [main] HCANN000001: Hibernate Commons Annotations {5.1.2.Final}
2021-04-08 20:28:43,605 INFO com.zaxxer.hikari.HikariDataSource [main] HikariPool-1 - Starting...
2021-04-08 20:28:43,823 INFO com.zaxxer.hikari.HikariDataSource [main] HikariPool-1 - Start completed.
2021-04-08 20:28:43,851 INFO org.hibernate.dialect.Dialect [main] HHH000400: Using dialect: org.hibernate.dialect.MySQL55Dialect
2021-04-08 20:28:44,784 INFO org.hibernate.engine.transaction.jta.platform.internal.JtaPlatformInitiator [main] HHH000490: Using JtaPlatform implementation: [org.hibernate.engine.transaction.jta.platform.internal.NoJtaPlatform]
2021-04-08 20:28:44,801 INFO org.springframework.orm.jpa.AbstractEntityManagerFactoryBean [main] Initialized JPA EntityManagerFactory for persistence unit 'default'
2021-04-08 20:28:45,407 WARN org.springframework.boot.autoconfigure.orm.jpa.JpaBaseConfiguration$JpaWebConfiguration [main] spring.jpa.open-in-view is enabled by default. Therefore, database queries may be performed during view rendering. Explicitly configure spring.jpa.open-in-view to disable this warning
2021-04-08 20:28:45,504 INFO org.springframework.scheduling.concurrent.ExecutorConfigurationSupport [main] Initializing ExecutorService 'applicationTaskExecutor'
2021-04-08 20:28:45,663 INFO org.springframework.boot.autoconfigure.web.servlet.WelcomePageHandlerMapping [main] Adding welcome page template: index
2021-04-08 20:28:46,228 INFO org.apache.juli.logging.DirectJDKLog [main] Starting ProtocolHandler ["http-nio-8080"]
2021-04-08 20:28:46,258 INFO org.springframework.boot.web.embedded.tomcat.TomcatWebServer [main] Tomcat started on port(s): 8080 (http) with context path ''
2021-04-08 20:28:46,272 INFO org.springframework.boot.StartupInfoLogger [main] Started GreenrouteApplication in 6.78 seconds (JVM running for 7.354)
2021-04-08 20:29:01,429 INFO org.apache.juli.logging.DirectJDKLog [http-nio-8080-exec-1] Initializing Spring DispatcherServlet 'dispatcherServlet'
2021-04-08 20:29:01,437 INFO org.springframework.web.servlet.FrameworkServlet [http-nio-8080-exec-1] Initializing Servlet 'dispatcherServlet'
2021-04-08 20:29:01,454 INFO org.springframework.web.servlet.FrameworkServlet [http-nio-8080-exec-1] Completed initialization in 13 ms
2021-04-08 20:29:01,627 INFO com.sanvalero.greenroute.controller.restcontroller.RoadController [http-nio-8080-exec-1] [init getRoads]
2021-04-08 20:29:02,587 INFO com.sanvalero.greenroute.controller.restcontroller.RoadController [http-nio-8080-exec-1] [end getRoads]
2021-04-08 20:58:42,662 INFO com.sanvalero.greenroute.controller.restcontroller.RoadController [http-nio-8080-exec-3] [init getRoads]
2021-04-08 20:58:42,694 INFO com.sanvalero.greenroute.controller.restcontroller.RoadController [http-nio-8080-exec-3] [end getRoads]
2021-04-08 21:01:01,224 INFO com.sanvalero.greenroute.controller.restcontroller.RoadController [http-nio-8080-exec-5] [init getRoads]
2021-04-08 21:01:01,230 INFO com.sanvalero.greenroute.controller.restcontroller.RoadController [http-nio-8080-exec-5] [end getRoads]
2021-04-08 21:02:03,737 INFO com.sanvalero.greenroute.controller.restcontroller.RoadController [http-nio-8080-exec-7] [init getRoads]
2021-04-08 21:02:03,746 INFO com.sanvalero.greenroute.controller.restcontroller.RoadController [http-nio-8080-exec-7] [end getRoads]
2021-04-08 21:04:17,665 INFO com.sanvalero.greenroute.controller.restcontroller.RoadController [http-nio-8080-exec-9] [init getRoads]
2021-04-08 21:04:17,670 INFO com.sanvalero.greenroute.controller.restcontroller.RoadController [http-nio-8080-exec-9] [end getRoads]
2021-04-08 21:04:45,604 INFO com.sanvalero.greenroute.controller.restcontroller.RoadController [http-nio-8080-exec-1] [init getRoads]
2021-04-08 21:04:45,613 INFO com.sanvalero.greenroute.controller.restcontroller.RoadController [http-nio-8080-exec-1] [end getRoads]
2021-04-08 21:05:11,199 INFO com.sanvalero.greenroute.controller.restcontroller.RoadController [http-nio-8080-exec-3] [init getRoads]
2021-04-08 21:05:11,206 INFO com.sanvalero.greenroute.controller.restcontroller.RoadController [http-nio-8080-exec-3] [end getRoads]
